android/app/build/intermediates/manifest_merge_blame_file/debug/manifest-merger-blame-debug-report.txt
1<?xml version="1.0" encoding="utf-8"?>
2<manifest xmlns:android="http://schemas.android.com/apk/res/android"
3    package="com.sqlitedemo"
4    android:versionCode="1"
5    android:versionName="1.0" >
6
7    <uses-sdk
8        android:minSdkVersion="21"
9        android:targetSdkVersion="33" />
10
11    <uses-permission android:name="android.permission.SYSTEM_ALERT_WINDOW" />
11-->src/debug/AndroidManifest.xml:5:5-77
11-->src/debug/AndroidManifest.xml:5:22-75
12    <uses-permission android:name="android.permission.INTERNET" />
12-->src/main/AndroidManifest.xml:3:5-67
12-->src/main/AndroidManifest.xml:3:22-64
13    <uses-permission android:name="android.permission.ACCESS_FINE_LOCATION" />
13-->src/main/AndroidManifest.xml:4:1-74
13-->src/main/AndroidManifest.xml:4:18-72
14    <uses-permission android:name="android.permission.ACCESS_COARSE_LOCATION" />
14-->src/main/AndroidManifest.xml:5:5-80
14-->src/main/AndroidManifest.xml:5:22-78
15    <uses-permission android:name="android.permission.ACCESS_BACKGROUND_LOCATION" />
15-->src/main/AndroidManifest.xml:6:5-84
15-->src/main/AndroidManifest.xml:6:22-82
16    <uses-permission android:name="android.permission.VIBRATE" />
16-->src/main/AndroidManifest.xml:7:5-65
16-->src/main/AndroidManifest.xml:7:22-63
17    <uses-permission android:name="android.permission.ACCESS_WIFI_STATE" />
17-->[com.facebook.flipper:flipper:0.182.0] AndroidManifest.xml:16:5-76
17-->[com.facebook.flipper:flipper:0.182.0] AndroidManifest.xml:16:22-73
18    <uses-permission android:name="android.permission.WAKE_LOCK" />
18-->[:react-native-firebase_auth] AndroidManifest.xml:8:5-68
18-->[:react-native-firebase_auth] AndroidManifest.xml:8:22-65
19    <uses-permission android:name="android.permission.ACCESS_NETWORK_STATE" />
19-->[:react-native-firebase_auth] AndroidManifest.xml:9:5-79
19-->[:react-native-firebase_auth] AndroidManifest.xml:9:22-76
20
21    <application
21-->src/main/AndroidManifest.xml:9:5-30:19
22        android:name="com.sqlitedemo.MainApplication"
22-->src/main/AndroidManifest.xml:11:7-38
23        android:allowBackup="false"
23-->src/main/AndroidManifest.xml:15:7-34
24        android:appComponentFactory="androidx.core.app.CoreComponentFactory"
24-->[androidx.core:core:1.8.0] AndroidManifest.xml:24:18-86
25        android:debuggable="true"
26        android:icon="@mipmap/ic_launcher"
26-->src/main/AndroidManifest.xml:13:7-41
27        android:label="@string/app_name"
27-->src/main/AndroidManifest.xml:12:7-39
28        android:roundIcon="@mipmap/ic_launcher_round"
28-->src/main/AndroidManifest.xml:14:7-52
29        android:theme="@style/AppTheme"
29-->src/main/AndroidManifest.xml:16:7-38
30        android:usesCleartextTraffic="true" >
30-->src/main/AndroidManifest.xml:10:5-40
31        <activity
31-->src/debug/AndroidManifest.xml:11:9-111
32            android:name="com.facebook.react.devsupport.DevSettingsActivity"
32-->src/debug/AndroidManifest.xml:11:19-83
33            android:exported="false" />
33-->src/debug/AndroidManifest.xml:11:84-108
34        <activity
34-->src/main/AndroidManifest.xml:17:7-28:18
35            android:name="com.sqlitedemo.MainActivity"
35-->src/main/AndroidManifest.xml:18:9-37
36            android:configChanges="keyboard|keyboardHidden|orientation|screenLayout|screenSize|smallestScreenSize|uiMode"
36-->src/main/AndroidManifest.xml:20:9-118
37            android:exported="true"
37-->src/main/AndroidManifest.xml:23:9-32
38            android:label="@string/app_name"
38-->src/main/AndroidManifest.xml:19:9-41
39            android:launchMode="singleTask"
39-->src/main/AndroidManifest.xml:21:9-40
40            android:windowSoftInputMode="adjustResize" >
40-->src/main/AndroidManifest.xml:22:9-51
41            <intent-filter>
41-->src/main/AndroidManifest.xml:24:9-27:25
42                <action android:name="android.intent.action.MAIN" />
42-->src/main/AndroidManifest.xml:25:13-65
42-->src/main/AndroidManifest.xml:25:21-62
43
44                <category android:name="android.intent.category.LAUNCHER" />
44-->src/main/AndroidManifest.xml:26:13-73
44-->src/main/AndroidManifest.xml:26:23-70
45            </intent-filter>
46        </activity>
47
48        <meta-data
48-->src/main/AndroidManifest.xml:29:13-127
49            android:name="com.google.android.geo.API_KEY"
49-->src/main/AndroidManifest.xml:29:24-69
50            android:value="AIzaSyDhp3DOJ8SCTdSaij3f6kgF9QyVkH5JW8g" />
50-->src/main/AndroidManifest.xml:29:70-125
51        <meta-data
51-->[:react-native-firebase_app] AndroidManifest.xml:9:9-11:36
52            android:name="app_data_collection_default_enabled"
52-->[:react-native-firebase_app] AndroidManifest.xml:10:13-63
53            android:value="true" />
53-->[:react-native-firebase_app] AndroidManifest.xml:11:13-33
54
55        <service
55-->[:react-native-firebase_app] AndroidManifest.xml:13:9-21:19
56            android:name="com.google.firebase.components.ComponentDiscoveryService"
56-->[:react-native-firebase_app] AndroidManifest.xml:14:13-84
57            android:directBootAware="true"
57-->[:react-native-firebase_app] AndroidManifest.xml:15:13-43
58            android:exported="false" >
58-->[:react-native-firebase_app] AndroidManifest.xml:16:13-37
59            <meta-data
59-->[:react-native-firebase_app] AndroidManifest.xml:18:13-20:85
60                android:name="com.google.firebase.components:io.invertase.firebase.app.ReactNativeFirebaseAppRegistrar"
60-->[:react-native-firebase_app] AndroidManifest.xml:19:17-120
61                android:value="com.google.firebase.components.ComponentRegistrar" />
61-->[:react-native-firebase_app] AndroidManifest.xml:20:17-82
62            <meta-data
62-->[com.google.firebase:firebase-auth:22.1.1] AndroidManifest.xml:69:13-71:85
63                android:name="com.google.firebase.components:com.google.firebase.auth.FirebaseAuthRegistrar"
63-->[com.google.firebase:firebase-auth:22.1.1] AndroidManifest.xml:70:17-109
64                android:value="com.google.firebase.components.ComponentRegistrar" />
64-->[com.google.firebase:firebase-auth:22.1.1] AndroidManifest.xml:71:17-82
65        </service>
66
67        <provider
67-->[:react-native-firebase_app] AndroidManifest.xml:23:9-27:38
68            android:name="io.invertase.firebase.app.ReactNativeFirebaseAppInitProvider"
68-->[:react-native-firebase_app] AndroidManifest.xml:24:13-88
69            android:authorities="com.sqlitedemo.reactnativefirebaseappinitprovider"
69-->[:react-native-firebase_app] AndroidManifest.xml:25:13-86
70            android:exported="false"
70-->[:react-native-firebase_app] AndroidManifest.xml:26:13-37
71            android:initOrder="99" />
71-->[:react-native-firebase_app] AndroidManifest.xml:27:13-35
72
73        <activity
73-->[com.google.firebase:firebase-auth:22.1.1] AndroidManifest.xml:29:9-46:20
74            android:name="com.google.firebase.auth.internal.GenericIdpActivity"
74-->[com.google.firebase:firebase-auth:22.1.1] AndroidManifest.xml:30:13-80
75            android:excludeFromRecents="true"
75-->[com.google.firebase:firebase-auth:22.1.1] AndroidManifest.xml:31:13-46
76            android:exported="true"
76-->[com.google.firebase:firebase-auth:22.1.1] AndroidManifest.xml:32:13-36
77            android:launchMode="singleTask"
77-->[com.google.firebase:firebase-auth:22.1.1] AndroidManifest.xml:33:13-44
78            android:theme="@android:style/Theme.Translucent.NoTitleBar" >
78-->[com.google.firebase:firebase-auth:22.1.1] AndroidManifest.xml:34:13-72
79            <intent-filter>
79-->[com.google.firebase:firebase-auth:22.1.1] AndroidManifest.xml:35:13-45:29
80                <action android:name="android.intent.action.VIEW" />
80-->[com.google.firebase:firebase-auth:22.1.1] AndroidManifest.xml:36:17-69
80-->[com.google.firebase:firebase-auth:22.1.1] AndroidManifest.xml:36:25-66
81
82                <category android:name="android.intent.category.DEFAULT" />
82-->[com.google.firebase:firebase-auth:22.1.1] AndroidManifest.xml:38:17-76
82-->[com.google.firebase:firebase-auth:22.1.1] AndroidManifest.xml:38:27-73
83                <category android:name="android.intent.category.BROWSABLE" />
83-->[com.google.firebase:firebase-auth:22.1.1] AndroidManifest.xml:39:17-78
83-->[com.google.firebase:firebase-auth:22.1.1] AndroidManifest.xml:39:27-75
84
85                <data
85-->[com.google.firebase:firebase-auth:22.1.1] AndroidManifest.xml:41:17-44:51
86                    android:host="firebase.auth"
86-->[com.google.firebase:firebase-auth:22.1.1] AndroidManifest.xml:42:21-49
87                    android:path="/"
87-->[com.google.firebase:firebase-auth:22.1.1] AndroidManifest.xml:43:21-37
88                    android:scheme="genericidp" />
88-->[com.google.firebase:firebase-auth:22.1.1] AndroidManifest.xml:44:21-48
89            </intent-filter>
90        </activity>
91        <activity
91-->[com.google.firebase:firebase-auth:22.1.1] AndroidManifest.xml:47:9-64:20
92            android:name="com.google.firebase.auth.internal.RecaptchaActivity"
92-->[com.google.firebase:firebase-auth:22.1.1] AndroidManifest.xml:48:13-79
93            android:excludeFromRecents="true"
93-->[com.google.firebase:firebase-auth:22.1.1] AndroidManifest.xml:49:13-46
94            android:exported="true"
94-->[com.google.firebase:firebase-auth:22.1.1] AndroidManifest.xml:50:13-36
95            android:launchMode="singleTask"
95-->[com.google.firebase:firebase-auth:22.1.1] AndroidManifest.xml:51:13-44
96            android:theme="@android:style/Theme.Translucent.NoTitleBar" >
96-->[com.google.firebase:firebase-auth:22.1.1] AndroidManifest.xml:52:13-72
97            <intent-filter>
97-->[com.google.firebase:firebase-auth:22.1.1] AndroidManifest.xml:53:13-63:29
98                <action android:name="android.intent.action.VIEW" />
98-->[com.google.firebase:firebase-auth:22.1.1] AndroidManifest.xml:36:17-69
98-->[com.google.firebase:firebase-auth:22.1.1] AndroidManifest.xml:36:25-66
99
100                <category android:name="android.intent.category.DEFAULT" />
100-->[com.google.firebase:firebase-auth:22.1.1] AndroidManifest.xml:38:17-76
100-->[com.google.firebase:firebase-auth:22.1.1] AndroidManifest.xml:38:27-73
101                <category android:name="android.intent.category.BROWSABLE" />
101-->[com.google.firebase:firebase-auth:22.1.1] AndroidManifest.xml:39:17-78
101-->[com.google.firebase:firebase-auth:22.1.1] AndroidManifest.xml:39:27-75
102
103                <data
103-->[com.google.firebase:firebase-auth:22.1.1] AndroidManifest.xml:41:17-44:51
104                    android:host="firebase.auth"
104-->[com.google.firebase:firebase-auth:22.1.1] AndroidManifest.xml:42:21-49
105                    android:path="/"
105-->[com.google.firebase:firebase-auth:22.1.1] AndroidManifest.xml:43:21-37
106                    android:scheme="recaptcha" />
106-->[com.google.firebase:firebase-auth:22.1.1] AndroidManifest.xml:44:21-48
107            </intent-filter>
108        </activity>
109        <activity
109-->[com.google.android.gms:play-services-auth:21.0.0] AndroidManifest.xml:23:9-27:75
110            android:name="com.google.android.gms.auth.api.signin.internal.SignInHubActivity"
110-->[com.google.android.gms:play-services-auth:21.0.0] AndroidManifest.xml:24:13-93
111            android:excludeFromRecents="true"
111-->[com.google.android.gms:play-services-auth:21.0.0] AndroidManifest.xml:25:13-46
112            android:exported="false"
112-->[com.google.android.gms:play-services-auth:21.0.0] AndroidManifest.xml:26:13-37
113            android:theme="@android:style/Theme.Translucent.NoTitleBar" />
113-->[com.google.android.gms:play-services-auth:21.0.0] AndroidManifest.xml:27:13-72
114        <!--
115            Service handling Google Sign-In user revocation. For apps that do not integrate with
116            Google Sign-In, this service will never be started.
117        -->
118        <service
118-->[com.google.android.gms:play-services-auth:21.0.0] AndroidManifest.xml:33:9-37:51
119            android:name="com.google.android.gms.auth.api.signin.RevocationBoundService"
119-->[com.google.android.gms:play-services-auth:21.0.0] AndroidManifest.xml:34:13-89
120            android:exported="true"
120-->[com.google.android.gms:play-services-auth:21.0.0] AndroidManifest.xml:35:13-36
121            android:permission="com.google.android.gms.auth.api.signin.permission.REVOCATION_NOTIFICATION"
121-->[com.google.android.gms:play-services-auth:21.0.0] AndroidManifest.xml:36:13-107
122            android:visibleToInstantApps="true" />
122-->[com.google.android.gms:play-services-auth:21.0.0] AndroidManifest.xml:37:13-48
123
124        <activity
124-->[com.google.android.gms:play-services-base:18.0.1] AndroidManifest.xml:20:9-22:45
125            android:name="com.google.android.gms.common.api.GoogleApiActivity"
125-->[com.google.android.gms:play-services-base:18.0.1] AndroidManifest.xml:20:19-85
126            android:exported="false"
126-->[com.google.android.gms:play-services-base:18.0.1] AndroidManifest.xml:22:19-43
127            android:theme="@android:style/Theme.Translucent.NoTitleBar" />
127-->[com.google.android.gms:play-services-base:18.0.1] AndroidManifest.xml:21:19-78
128
129        <provider
129-->[com.google.firebase:firebase-common:20.3.3] AndroidManifest.xml:25:9-30:39
130            android:name="com.google.firebase.provider.FirebaseInitProvider"
130-->[com.google.firebase:firebase-common:20.3.3] AndroidManifest.xml:26:13-77
131            android:authorities="com.sqlitedemo.firebaseinitprovider"
131-->[com.google.firebase:firebase-common:20.3.3] AndroidManifest.xml:27:13-72
132            android:directBootAware="true"
132-->[com.google.firebase:firebase-common:20.3.3] AndroidManifest.xml:28:13-43
133            android:exported="false"
133-->[com.google.firebase:firebase-common:20.3.3] AndroidManifest.xml:29:13-37
134            android:initOrder="100" />
134-->[com.google.firebase:firebase-common:20.3.3] AndroidManifest.xml:30:13-36
135
136        <meta-data
136-->[com.google.android.gms:play-services-basement:18.2.0] AndroidManifest.xml:21:9-23:69
137            android:name="com.google.android.gms.version"
137-->[com.google.android.gms:play-services-basement:18.2.0] AndroidManifest.xml:22:13-58
138            android:value="@integer/google_play_services_version" />
138-->[com.google.android.gms:play-services-basement:18.2.0] AndroidManifest.xml:23:13-66
139
140        <provider
140-->[androidx.emoji2:emoji2:1.0.0] AndroidManifest.xml:26:9-34:20
141            android:name="androidx.startup.InitializationProvider"
141-->[androidx.emoji2:emoji2:1.0.0] AndroidManifest.xml:27:13-67
142            android:authorities="com.sqlitedemo.androidx-startup"
142-->[androidx.emoji2:emoji2:1.0.0] AndroidManifest.xml:28:13-68
143            android:exported="false" >
143-->[androidx.emoji2:emoji2:1.0.0] AndroidManifest.xml:29:13-37
144            <meta-data
144-->[androidx.emoji2:emoji2:1.0.0] AndroidManifest.xml:31:13-33:52
145                android:name="androidx.emoji2.text.EmojiCompatInitializer"
145-->[androidx.emoji2:emoji2:1.0.0] AndroidManifest.xml:32:17-75
146                android:value="androidx.startup" />
146-->[androidx.emoji2:emoji2:1.0.0] AndroidManifest.xml:33:17-49
147            <meta-data
147-->[androidx.lifecycle:lifecycle-process:2.4.0] AndroidManifest.xml:31:13-33:52
148                android:name="androidx.lifecycle.ProcessLifecycleInitializer"
148-->[androidx.lifecycle:lifecycle-process:2.4.0] AndroidManifest.xml:32:17-78
149                android:value="androidx.startup" />
149-->[androidx.lifecycle:lifecycle-process:2.4.0] AndroidManifest.xml:33:17-49
150        </provider>
151
152        <meta-data
152-->[com.facebook.soloader:soloader:0.10.5] AndroidManifest.xml:12:9-14:37
153            android:name="com.facebook.soloader.enabled"
153-->[com.facebook.soloader:soloader:0.10.5] AndroidManifest.xml:13:13-57
154            android:value="false" />
154-->[com.facebook.soloader:soloader:0.10.5] AndroidManifest.xml:14:13-34
155    </application>
156
157</manifest>